Flow report for FFT_Accelerator
Tue Apr  9 16:18:30 2019
Quartus Prime Version 18.1.0 Build 625 09/12/2018 SJ Standard Edition


---------------------
; Table of Contents ;
---------------------
  1. Legal Notice
  2. Flow Summary
  3. Flow Settings
  4. Flow Non-Default Global Settings
  5. Flow Elapsed Time
  6. Flow OS Summary
  7. Flow Log
  8. Flow Messages
  9. Flow Suppressed Messages



----------------
; Legal Notice ;
----------------
Copyright (C) 2018  Intel Corporation. All rights reserved.
Your use of Intel Corporation's design tools, logic functions 
and other software and tools, and its AMPP partner logic 
functions, and any output files from any of the foregoing 
(including device programming or simulation files), and any 
associated documentation or information are expressly subject 
to the terms and conditions of the Intel Program License 
Subscription Agreement, the Intel Quartus Prime License Agreement,
the Intel FPGA IP License Agreement, or other applicable license
agreement, including, without limitation, that your use is for
the sole purpose of programming logic devices manufactured by
Intel and sold by Intel or its authorized distributors.  Please
refer to the applicable agreement for further details.



+-----------------------------------------------------------------------------------+
; Flow Summary                                                                      ;
+---------------------------------+-------------------------------------------------+
; Flow Status                     ; Successful - Tue Apr  9 16:18:19 2019           ;
; Quartus Prime Version           ; 18.1.0 Build 625 09/12/2018 SJ Standard Edition ;
; Revision Name                   ; FFT_Accelerator                                 ;
; Top-level Entity Name           ; FFT_Accelerator                                 ;
; Family                          ; Cyclone V                                       ;
; Device                          ; 5CSEMA5F31C6                                    ;
; Timing Models                   ; Final                                           ;
; Logic utilization (in ALMs)     ; 250 / 32,070 ( < 1 % )                          ;
; Total registers                 ; 382                                             ;
; Total pins                      ; 55 / 457 ( 12 % )                               ;
; Total virtual pins              ; 0                                               ;
; Total block memory bits         ; 12,288 / 4,065,280 ( < 1 % )                    ;
; Total DSP Blocks                ; 0 / 87 ( 0 % )                                  ;
; Total HSSI RX PCSs              ; 0                                               ;
; Total HSSI PMA RX Deserializers ; 0                                               ;
; Total HSSI TX PCSs              ; 0                                               ;
; Total HSSI PMA TX Serializers   ; 0                                               ;
; Total PLLs                      ; 1 / 6 ( 17 % )                                  ;
; Total DLLs                      ; 0 / 4 ( 0 % )                                   ;
+---------------------------------+-------------------------------------------------+


+-----------------------------------------+
; Flow Settings                           ;
+-------------------+---------------------+
; Option            ; Setting             ;
+-------------------+---------------------+
; Start date & time ; 04/09/2019 16:17:14 ;
; Main task         ; Compilation         ;
; Revision Name     ; FFT_Accelerator     ;
+-------------------+---------------------+


+------------------------------------------------------------------------------------------------------+
; Flow Non-Default Global Settings                                                                     ;
+--------------------------+--------------------------------+---------------+-------------+------------+
; Assignment Name          ; Value                          ; Default Value ; Entity Name ; Section Id ;
+--------------------------+--------------------------------+---------------+-------------+------------+
; COMPILER_SIGNATURE_ID    ; 93180999566876.155484103413084 ; --            ; --          ; --         ;
; MAX_CORE_JUNCTION_TEMP   ; 85                             ; --            ; --          ; --         ;
; MIN_CORE_JUNCTION_TEMP   ; 0                              ; --            ; --          ; --         ;
; NUM_PARALLEL_PROCESSORS  ; 3                              ; --            ; --          ; --         ;
; PROJECT_OUTPUT_DIRECTORY ; output_files                   ; --            ; --          ; --         ;
+--------------------------+--------------------------------+---------------+-------------+------------+


+--------------------------------------------------------------------------------------------------------------------------+
; Flow Elapsed Time                                                                                                        ;
+----------------------+--------------+-------------------------+---------------------+------------------------------------+
; Module Name          ; Elapsed Time ; Average Processors Used ; Peak Virtual Memory ; Total CPU Time (on all processors) ;
+----------------------+--------------+-------------------------+---------------------+------------------------------------+
; Analysis & Synthesis ; 00:00:15     ; 1.0                     ; 1171 MB             ; 00:00:23                           ;
; Fitter               ; 00:00:40     ; 1.0                     ; 2500 MB             ; 00:00:49                           ;
; Assembler            ; 00:00:11     ; 1.0                     ; 1078 MB             ; 00:00:06                           ;
; Timing Analyzer      ; 00:00:10     ; 1.2                     ; 1354 MB             ; 00:00:07                           ;
; Total                ; 00:01:16     ; --                      ; --                  ; 00:01:25                           ;
+----------------------+--------------+-------------------------+---------------------+------------------------------------+


+----------------------------------------------------------------------------------------+
; Flow OS Summary                                                                        ;
+----------------------+------------------+----------------+------------+----------------+
; Module Name          ; Machine Hostname ; OS Name        ; OS Version ; Processor type ;
+----------------------+------------------+----------------+------------+----------------+
; Analysis & Synthesis ; micro19          ; CentOS release ; 6          ; x86_64         ;
; Fitter               ; micro19          ; CentOS release ; 6          ; x86_64         ;
; Assembler            ; micro19          ; CentOS release ; 6          ; x86_64         ;
; Timing Analyzer      ; micro19          ; CentOS release ; 6          ; x86_64         ;
+----------------------+------------------+----------------+------------+----------------+


------------
; Flow Log ;
------------
quartus_map --read_settings_files=on --write_settings_files=off FFT_Accelerator -c FFT_Accelerator
quartus_fit --read_settings_files=off --write_settings_files=off FFT_Accelerator -c FFT_Accelerator
quartus_asm --read_settings_files=off --write_settings_files=off FFT_Accelerator -c FFT_Accelerator
quartus_sta FFT_Accelerator -c FFT_Accelerator



